0 info it worked if it ends with ok
1 verbose cli [ '/usr/bin/nodejs', '/usr/bin/npm', 'start' ]
2 info using npm@3.10.3
3 info using node@v6.5.0
4 verbose run-script [ 'prestart', 'start', 'poststart' ]
5 info lifecycle PanDocElectron@0.9.3~prestart: PanDocElectron@0.9.3
6 silly lifecycle PanDocElectron@0.9.3~prestart: no script for prestart, continuing
7 info lifecycle PanDocElectron@0.9.3~start: PanDocElectron@0.9.3
8 verbose lifecycle PanDocElectron@0.9.3~start: unsafe-perm in lifecycle true
9 verbose lifecycle PanDocElectron@0.9.3~start: PATH: /usr/lib/node_modules/npm/bin/node-gyp-bin:/homemnt/niehaus/ownCloudLD/Atom/PanDocElectron/node_modules/.bin:/usr/bin:/usr/local/sbin:/usr/local/bin:/usr/sbin:/usr/bin:/sbin:/bin:/usr/games:/usr/local/games:/snap/bin
10 verbose lifecycle PanDocElectron@0.9.3~start: CWD: /homemnt/niehaus/ownCloudLD/Atom/PanDocElectron
11 silly lifecycle PanDocElectron@0.9.3~start: Args: [ '-c', 'electron main.js' ]
12 info lifecycle PanDocElectron@0.9.3~start: Failed to exec start script
13 verbose stack Error: PanDocElectron@0.9.3 start: `electron main.js`
13 verbose stack spawn ENOENT
13 verbose stack     at ChildProcess.<anonymous> (/usr/lib/node_modules/npm/lib/utils/spawn.js:33:16)
13 verbose stack     at emitTwo (events.js:106:13)
13 verbose stack     at ChildProcess.emit (events.js:191:7)
13 verbose stack     at maybeClose (internal/child_process.js:877:16)
13 verbose stack     at Process.ChildProcess._handle.onexit (internal/child_process.js:226:5)
14 verbose pkgid PanDocElectron@0.9.3
15 verbose cwd /homemnt/niehaus/ownCloudLD/Atom/PanDocElectron/linux_scripts
16 error Linux 4.4.0-36-generic
17 error argv "/usr/bin/nodejs" "/usr/bin/npm" "start"
18 error node v6.5.0
19 error npm  v3.10.3
20 error file sh
21 error code ELIFECYCLE
22 error errno ENOENT
23 error syscall spawn
24 error PanDocElectron@0.9.3 start: `electron main.js`
24 error spawn ENOENT
25 error Failed at the PanDocElectron@0.9.3 start script 'electron main.js'.
25 error Make sure you have the latest version of node.js and npm installed.
25 error If you do, this is most likely a problem with the PanDocElectron package,
25 error not with npm itself.
25 error Tell the author that this fails on your system:
25 error     electron main.js
25 error You can get information on how to open an issue for this project with:
25 error     npm bugs PanDocElectron
25 error Or if that isn't available, you can get their info via:
25 error     npm owner ls PanDocElectron
25 error There is likely additional logging output above.
26 verbose exit [ 1, true ]
